    Checking meerkat-comms v0.1.0 (/Users/luka/src/raik/meerkat-comms)
    Checking meerkat-core v0.1.0 (/Users/luka/src/raik/meerkat-core)
    Checking meerkat-comms-mcp v0.1.0 (/Users/luka/src/raik/meerkat-comms-mcp)
error[E0432]: unresolved imports `comms_bootstrap::CommsAdvertise`, `comms_bootstrap::CommsBootstrap`, `comms_bootstrap::CommsBootstrapMode`, `comms_bootstrap::ParentCommsContext`
  --> meerkat-core/src/lib.rs:33:5
   |
33 |     CommsAdvertise, CommsBootstrap, CommsBootstrapError, CommsBootstrapMode, ParentCommsContext,
   |     ^^^^^^^^^^^^^^  ^^^^^^^^^^^^^^                       ^^^^^^^^^^^^^^^^^^  ^^^^^^^^^^^^^^^^^^ no `ParentCommsContext` in `comms_bootstrap`
   |     |               |                                    |
   |     |               |                                    no `CommsBootstrapMode` in `comms_bootstrap`
   |     |               |                                    help: a similar name exists in the module: `CommsBootstrapError`
   |     |               no `CommsBootstrap` in `comms_bootstrap`
   |     no `CommsAdvertise` in `comms_bootstrap`

error[E0432]: unresolved imports `comms_runtime::CommsContent`, `comms_runtime::CommsMessage`, `comms_runtime::CommsStatus`
  --> meerkat-core/src/lib.rs:37:25
   |
37 | pub use comms_runtime::{CommsContent, CommsMessage, CommsRuntime, CommsRuntimeError, CommsStatus};
   |                         ^^^^^^^^^^^^  ^^^^^^^^^^^^                                   ^^^^^^^^^^^ no `CommsStatus` in `comms_runtime`
   |                         |             |
   |                         |             no `CommsMessage` in `comms_runtime`
   |                         no `CommsContent` in `comms_runtime`
   |                         help: a similar name exists in the module: `CommsConfig`

error[E0432]: unresolved imports `crate::comms_runtime::CommsContent`, `crate::comms_runtime::CommsMessage`
    --> meerkat-core/src/agent.rs:1991:36
     |
1991 |         use crate::comms_runtime::{CommsContent, CommsMessage};
     |                                    ^^^^^^^^^^^^  ^^^^^^^^^^^^ no `CommsMessage` in `comms_runtime`
     |                                    |
     |                                    no `CommsContent` in `comms_runtime`
     |                                    help: a similar name exists in the module: `CommsConfig`
     |
     = help: consider importing this unresolved item through its public re-export instead:
             crate::CommsContent
     = help: consider importing this unresolved item through its public re-export instead:
             crate::CommsMessage

error: unused import: `meerkat_comms::inproc::InprocRegistry`
 --> meerkat-core/src/comms_bootstrap.rs:5:5
  |
5 | use meerkat_comms::inproc::InprocRegistry;
  |     ^^^^^^^^^^^^^^^^^^^^^^^^^^^^^^^^^^^^^
  |
  = note: `-D unused-imports` implied by `-D warnings`
  = help: to override `-D warnings` add `#[allow(unused_imports)]`

error: unused imports: `PubKey` and `TrustedPeers`
 --> meerkat-core/src/comms_bootstrap.rs:6:21
  |
6 | use meerkat_comms::{PubKey, TrustedPeer, TrustedPeers};
  |                     ^^^^^^               ^^^^^^^^^^^^

error: unused import: `std::sync::Arc`
 --> meerkat-core/src/comms_bootstrap.rs:8:5
  |
8 | use std::sync::Arc;
  |     ^^^^^^^^^^^^^^

error: unused import: `tokio::sync::RwLock`
 --> meerkat-core/src/comms_bootstrap.rs:9:5
  |
9 | use tokio::sync::RwLock;
  |     ^^^^^^^^^^^^^^^^^^^

error: unused import: `async_trait::async_trait`
 --> meerkat-core/src/comms_runtime.rs:3:5
  |
3 | use async_trait::async_trait;
  |     ^^^^^^^^^^^^^^^^^^^^^^^^

error: unused imports: `PathBuf` and `Path`
 --> meerkat-core/src/comms_runtime.rs:6:17
  |
6 | use std::path::{Path, PathBuf};
  |                 ^^^^  ^^^^^^^

error[E0599]: no method named `to_user_message_text` found for reference `&meerkat_comms::Envelope` in the current scope
   --> meerkat-core/src/agent.rs:766:44
    |
766 |                     combined.push_str(&msg.to_user_message_text());
    |                                            ^^^^^^^^^^^^^^^^^^^^ method not found in `&meerkat_comms::Envelope`

error[E0599]: no method named `to_user_message_text` found for reference `&meerkat_comms::Envelope` in the current scope
   --> meerkat-core/src/agent.rs:961:32
    |
961 |                     .map(|m| m.to_user_message_text())
    |                                ^^^^^^^^^^^^^^^^^^^^ method not found in `&meerkat_comms::Envelope`

error[E0599]: no method named `to_user_message_text` found for reference `&meerkat_comms::Envelope` in the current scope
    --> meerkat-core/src/agent.rs:1087:32
     |
1087 |                     .map(|m| m.to_user_message_text())
     |                                ^^^^^^^^^^^^^^^^^^^^ method not found in `&meerkat_comms::Envelope`

error[E0599]: no method named `clone` found for struct `meerkat_comms::Keypair` in the current scope
  --> meerkat-core/src/comms_runtime.rs:59:21
   |
59 |             keypair.clone(),
   |                     ^^^^^ method not found in `meerkat_comms::Keypair`

error[E0308]: mismatched types
  --> meerkat-core/src/comms_runtime.rs:65:86
   |
65 |         InprocRegistry::global().register(config.name.clone(), keypair.public_key(), router.clone());
   |                                  -------- arguments to this method are incorrect     ^^^^^^^^^^^^^^ expected `InboxSender`, found `Arc<Router>`
   |
   = note: expected struct `meerkat_comms::InboxSender`
              found struct `std::sync::Arc<meerkat_comms::Router>`
note: method defined here
  --> /Users/luka/src/raik/meerkat-comms/src/inproc.rs:92:12
   |
92 |     pub fn register(&self, name: impl Into<String>, pubkey: PubKey, sender: InboxSender) {
   |            ^^^^^^^^

error[E0599]: no function or associated item named `with_name` found for struct `comms_config::CoreCommsConfig` in the current scope
    --> meerkat-core/src/agent.rs:1673:39
     |
1673 |         let config = CoreCommsConfig::with_name("test-agent");
     |                                       ^^^^^^^^^ function or associated item not found in `comms_config::CoreCommsConfig`
     |
    ::: meerkat-core/src/comms_config.rs:19:1
     |
19   | pub struct CoreCommsConfig {
     | -------------------------- function or associated item `with_name` not found for this struct

error[E0599]: no function or associated item named `with_name` found for struct `comms_config::CoreCommsConfig` in the current scope
    --> meerkat-core/src/agent.rs:1705:43
     |
1705 |         let mut config = CoreCommsConfig::with_name("test-agent");
     |                                           ^^^^^^^^^ function or associated item not found in `comms_config::CoreCommsConfig`
     |
    ::: meerkat-core/src/comms_config.rs:19:1
     |
19   | pub struct CoreCommsConfig {
     | -------------------------- function or associated item `with_name` not found for this struct

error[E0599]: no function or associated item named `with_name` found for struct `comms_config::CoreCommsConfig` in the current scope
    --> meerkat-core/src/agent.rs:1761:43
     |
1761 |         let mut config = CoreCommsConfig::with_name("test-agent");
     |                                           ^^^^^^^^^ function or associated item not found in `comms_config::CoreCommsConfig`
     |
    ::: meerkat-core/src/comms_config.rs:19:1
     |
19   | pub struct CoreCommsConfig {
     | -------------------------- function or associated item `with_name` not found for this struct

error[E0599]: no function or associated item named `with_name` found for struct `comms_config::CoreCommsConfig` in the current scope
    --> meerkat-core/src/agent.rs:1788:43
     |
1788 |         let mut config = CoreCommsConfig::with_name("test-agent");
     |                                           ^^^^^^^^^ function or associated item not found in `comms_config::CoreCommsConfig`
     |
    ::: meerkat-core/src/comms_config.rs:19:1
     |
19   | pub struct CoreCommsConfig {
     | -------------------------- function or associated item `with_name` not found for this struct

error[E0599]: no method named `router_arc` found for struct `comms_runtime::CommsRuntime` in the current scope
    --> meerkat-core/src/agent.rs:1799:34
     |
1799 |         let router_arc = runtime.router_arc();
     |                                  ^^^^^^^^^^
     |
    ::: meerkat-core/src/comms_runtime.rs:26:1
     |
26   | pub struct CommsRuntime {
     | ----------------------- method `router_arc` not found for this struct
     |
help: there is a method `router` with a similar name
     |
1799 -         let router_arc = runtime.router_arc();
1799 +         let router_arc = runtime.router();
     |

error[E0599]: no function or associated item named `with_name` found for struct `comms_config::CoreCommsConfig` in the current scope
    --> meerkat-core/src/agent.rs:1851:43
     |
1851 |         let mut config = CoreCommsConfig::with_name("test-agent");
     |                                           ^^^^^^^^^ function or associated item not found in `comms_config::CoreCommsConfig`
     |
    ::: meerkat-core/src/comms_config.rs:19:1
     |
19   | pub struct CoreCommsConfig {
     | -------------------------- function or associated item `with_name` not found for this struct

error[E0599]: no function or associated item named `with_name` found for struct `comms_config::CoreCommsConfig` in the current scope
    --> meerkat-core/src/agent.rs:1897:43
     |
1897 |         let mut config = CoreCommsConfig::with_name("test-agent");
     |                                           ^^^^^^^^^ function or associated item not found in `comms_config::CoreCommsConfig`
     |
    ::: meerkat-core/src/comms_config.rs:19:1
     |
19   | pub struct CoreCommsConfig {
     | -------------------------- function or associated item `with_name` not found for this struct

error[E0599]: no function or associated item named `with_name` found for struct `comms_config::CoreCommsConfig` in the current scope
    --> meerkat-core/src/agent.rs:1938:43
     |
1938 |         let mut config = CoreCommsConfig::with_name("test-agent");
     |                                           ^^^^^^^^^ function or associated item not found in `comms_config::CoreCommsConfig`
     |
    ::: meerkat-core/src/comms_config.rs:19:1
     |
19   | pub struct CoreCommsConfig {
     | -------------------------- function or associated item `with_name` not found for this struct

error[E0599]: no function or associated item named `with_name` found for struct `comms_config::CoreCommsConfig` in the current scope
    --> meerkat-core/src/agent.rs:2793:43
     |
2793 |         let mut config = CoreCommsConfig::with_name("test-agent");
     |                                           ^^^^^^^^^ function or associated item not found in `comms_config::CoreCommsConfig`
     |
    ::: meerkat-core/src/comms_config.rs:19:1
     |
19   | pub struct CoreCommsConfig {
     | -------------------------- function or associated item `with_name` not found for this struct

error[E0599]: no function or associated item named `with_name` found for struct `comms_config::CoreCommsConfig` in the current scope
    --> meerkat-core/src/agent.rs:2843:43
     |
2843 |         let mut config = CoreCommsConfig::with_name("test-agent");
     |                                           ^^^^^^^^^ function or associated item not found in `comms_config::CoreCommsConfig`
     |
    ::: meerkat-core/src/comms_config.rs:19:1
     |
19   | pub struct CoreCommsConfig {
     | -------------------------- function or associated item `with_name` not found for this struct

error[E0599]: no function or associated item named `with_name` found for struct `comms_config::CoreCommsConfig` in the current scope
    --> meerkat-core/src/agent.rs:2885:43
     |
2885 |         let mut config = CoreCommsConfig::with_name("test-agent");
     |                                           ^^^^^^^^^ function or associated item not found in `comms_config::CoreCommsConfig`
     |
    ::: meerkat-core/src/comms_config.rs:19:1
     |
19   | pub struct CoreCommsConfig {
     | -------------------------- function or associated item `with_name` not found for this struct

error: unused variable: `runtime`
   --> meerkat-core/src/comms_runtime.rs:147:13
    |
147 |         let runtime = CommsRuntime::new(config)?;
    |             ^^^^^^^ help: if this is intentional, prefix it with an underscore: `_runtime`
    |
    = note: `-D unused-variables` implied by `-D warnings`
    = help: to override `-D warnings` add `#[allow(unused_variables)]`

Some errors have detailed explanations: E0308, E0432, E0599.
For more information about an error, try `rustc --explain E0308`.
error: could not compile `meerkat-core` (lib) due to 13 previous errors
warning: build failed, waiting for other jobs to finish...
error: could not compile `meerkat-core` (lib test) due to 26 previous errors
