    Checking meerkat-store v0.1.0 (/Users/luka/src/raik/meerkat-store)
    Checking meerkat-client v0.1.0 (/Users/luka/src/raik/meerkat-client)
    Checking meerkat-mcp-client v0.1.0 (/Users/luka/src/raik/meerkat-mcp-client)
    Checking meerkat-core v0.1.0 (/Users/luka/src/raik/meerkat-core)
error: expected expression, found `.`
   --> meerkat-mcp-client/src/connection.rs:172:13
    |
172 |             .to_path_buf();
    |             ^ expected expression

error: found invalid character; only `#` is allowed in raw string delimitation: \u{0}
   --> meerkat-client/src/types.rs:220:28
    |
220 |         buffer.args_json = r#
    |                            ^^

error: unused imports: `Deserialize` and `Serialize`
 --> meerkat-store/src/jsonl.rs:6:13
  |
6 | use serde::{Deserialize, Serialize};
  |             ^^^^^^^^^^^  ^^^^^^^^^
  |
  = note: `-D unused-imports` implied by `-D warnings`
  = help: to override `-D warnings` add `#[allow(unused_imports)]`

error: unused import: `Path`
 --> meerkat-store/src/jsonl.rs:7:17
  |
7 | use std::path::{Path, PathBuf};
  |                 ^^^^

error: unexpected end of macro invocation
   --> meerkat-mcp-client/src/connection.rs:244:33
    |
244 |             .call_tool("echo", &json!({{"message": "Hello, MCP!"}}))
    |                                 ^^^^^^^^^^^^^^^^^^^^^^^^^^^^^^^^^^^ missing tokens in macro arguments
    |
note: while trying to match `@`
   --> /Users/luka/.cargo/registry/src/index.crates.io-1949cf8c6b5b557f/serde_json-1.0.149/src/macros.rs:79:6
    |
79  |     (@array [$($elems:expr,)*]) => {
    |      ^
    = note: this error originates in the macro `$crate::json_internal` which comes from the expansion of the macro `json` (in Nightly builds, run with -Z macro-backtrace for more info)

error: unexpected end of macro invocation
   --> meerkat-mcp-client/src/connection.rs:248:45
    |
248 |         let result = conn.call_tool("add", &json!({{"a": 5, "b": 3}})).await?;
    |                                             ^^^^^^^^^^^^^^^^^^^^^^^^^ missing tokens in macro arguments
    |
note: while trying to match `@`
   --> /Users/luka/.cargo/registry/src/index.crates.io-1949cf8c6b5b557f/serde_json-1.0.149/src/macros.rs:79:6
    |
79  |     (@array [$($elems:expr,)*]) => {
    |      ^
    = note: this error originates in the macro `$crate::json_internal` which comes from the expansion of the macro `json` (in Nightly builds, run with -Z macro-backtrace for more info)

error: unexpected end of macro invocation
   --> meerkat-mcp-client/src/connection.rs:252:51
    |
252 |         let fail_result = conn.call_tool("fail", &json!({{"message": "expected error"}})).await;
    |                                                   ^^^^^^^^^^^^^^^^^^^^^^^^^^^^^^^^^^^^^^ missing tokens in macro arguments
    |
note: while trying to match `@`
   --> /Users/luka/.cargo/registry/src/index.crates.io-1949cf8c6b5b557f/serde_json-1.0.149/src/macros.rs:79:6
    |
79  |     (@array [$($elems:expr,)*]) => {
    |      ^
    = note: this error originates in the macro `$crate::json_internal` which comes from the expansion of the macro `json` (in Nightly builds, run with -Z macro-backtrace for more info)

error[E0432]: unresolved import `rmcp::model::InitializeParams`
 --> meerkat-mcp-client/src/connection.rs:7:5
  |
7 |     InitializeParams,
  |     ^^^^^^^^^^^^^^^^ no `InitializeParams` in `model`

error[E0432]: unresolved import `crate::transport::McpTransport`
  --> meerkat-mcp-client/src/connection.rs:20:5
   |
20 | use crate::transport::McpTransport;
   |     ^^^^^^^^^^^^^^^^^^^^^^^^^^^^^^ no `McpTransport` in `transport`

error[E0432]: unresolved import `crate::transport::stdio`
  --> meerkat-mcp-client/src/connection.rs:21:23
   |
21 | use crate::transport::stdio::StdioTransport;
   |                       ^^^^^ could not find `stdio` in `transport`

error: unused imports: `ClientJsonRpcMessage`, `InitializeResult`, and `ServerJsonRpcMessage`
 --> meerkat-mcp-client/src/connection.rs:5:5
  |
5 |     ClientJsonRpcMessage,
  |     ^^^^^^^^^^^^^^^^^^^^
...
8 |     InitializeResult,
  |     ^^^^^^^^^^^^^^^^
9 |     ServerJsonRpcMessage,
  |     ^^^^^^^^^^^^^^^^^^^^
  |
  = note: `-D unused-imports` implied by `-D warnings`
  = help: to override `-D warnings` add `#[allow(unused_imports)]`

error: unused import: `json`
  --> meerkat-mcp-client/src/connection.rs:13:25
   |
13 | use serde_json::{Value, json};
   |                         ^^^^

error: unused import: `std::path::PathBuf`
  --> meerkat-mcp-client/src/connection.rs:15:5
   |
15 | use std::path::PathBuf;
   |     ^^^^^^^^^^^^^^^^^^

error: unused import: `std::sync::Arc`
  --> meerkat-mcp-client/src/connection.rs:16:5
   |
16 | use std::sync::Arc;
   |     ^^^^^^^^^^^^^^

error: unused import: `tokio::sync::Mutex`
  --> meerkat-mcp-client/src/connection.rs:17:5
   |
17 | use tokio::sync::Mutex;
   |     ^^^^^^^^^^^^^^^^^^

error: unused import: `std::sync::Arc`
 --> meerkat-mcp-client/src/router.rs:6:5
  |
6 | use std::sync::Arc;
  |     ^^^^^^^^^^^^^^

error[E0107]: struct takes 0 generic arguments but 1 generic argument was supplied
   --> meerkat-mcp-client/src/connection.rs:66:13
    |
66  |     client: RoleClient<McpTransport>,
    |             ^^^^^^^^^^-------------- help: remove the unnecessary generics
    |             |
    |             expected 0 generic arguments
    |
note: struct defined here, with 0 generic parameters
   --> /Users/luka/.cargo/registry/src/index.crates.io-1949cf8c6b5b557f/rmcp-0.14.0/src/service/client.rs:142:12
    |
142 | pub struct RoleClient;
    |            ^^^^^^^^^^

error[E0599]: no function or associated item named `new_with_id` found for struct `meerkat_core::Session` in the current scope
   --> meerkat-store/src/jsonl.rs:89:36
    |
89  |         let mut session = Session::new_with_id(id.clone());
    |                                    ^^^^^^^^^^^ function or associated item not found in `meerkat_core::Session`
    |
note: if you're trying to build a new `meerkat_core::Session` consider using one of the following associated functions:
      meerkat_core::Session::new
      meerkat_core::Session::with_id
   --> /Users/luka/src/raik/meerkat-core/src/session.rs:94:5
    |
94  |     pub fn new() -> Self {
    |     ^^^^^^^^^^^^^^^^^^^^
...
107 |     pub fn with_id(id: SessionId) -> Self {
    |     ^^^^^^^^^^^^^^^^^^^^^^^^^^^^^^^^^^^^^
help: there is an associated function `with_id` with a similar name
    |
89  -         let mut session = Session::new_with_id(id.clone());
89  +         let mut session = Session::with_id(id.clone());
    |

error: could not compile `meerkat-client` (lib test) due to 1 previous error
warning: build failed, waiting for other jobs to finish...
For more information about this error, try `rustc --explain E0599`.
error[E0599]: no function or associated item named `new` found for struct `rmcp::RoleClient` in the current scope
  --> meerkat-mcp-client/src/connection.rs:82:38
   |
82 |         let mut client = RoleClient::new(transport);
   |                                      ^^^ function or associated item not found in `rmcp::RoleClient`
   |
help: there is a method `ne` with a similar name
   |
82 -         let mut client = RoleClient::new(transport);
82 +         let mut client = RoleClient::ne(transport);
   |

error[E0063]: missing fields `icons`, `title` and `website_url` in initializer of `rmcp::model::Implementation`
  --> meerkat-mcp-client/src/connection.rs:88:26
   |
88 |             client_info: Implementation {
   |                          ^^^^^^^^^^^^^^ missing `icons`, `title` and `website_url`

error[E0308]: mismatched types
    --> meerkat-mcp-client/src/router.rs:44:29
     |
44   |             tool_map.insert(tool.name, name.clone());
     |                      ------ ^^^^^^^^^- help: try using a conversion method: `.to_string()`
     |                      |      |
     |                      |      expected `String`, found `Cow<'_, str>`
     |                      arguments to this method are incorrect
     |
     = note: expected struct `std::string::String`
                  found enum `std::borrow::Cow<'static, str>`
note: method defined here
    --> /Users/luka/.rustup/toolchains/1.89.0-aarch64-apple-darwin/lib/rustlib/src/rust/library/std/src/collections/hash/map.rs:1203:12
     |
1203 |     pub fn insert(&mut self, k: K, v: V) -> Option<V> {
     |            ^^^^^^

error: argument never used
  --> meerkat-core/src/types/tests.rs:17:42
   |
17 |     assert_eq!(json, format!("\"{{}}\"", id_str));
   |                              ----------  ^^^^^^ argument never used
   |                              |
   |                              formatting specifier missing

error: could not compile `meerkat-client` (lib) due to 1 previous error
error: could not compile `meerkat-store` (lib) due to 3 previous errors
error: unused import: `futures::StreamExt`
 --> meerkat-mcp-client/src/connection.rs:3:5
  |
3 | use futures::StreamExt;
  |     ^^^^^^^^^^^^^^^^^^

error: could not compile `meerkat-store` (lib test) due to 3 previous errors
Some errors have detailed explanations: E0063, E0107, E0308, E0432, E0599.
For more information about an error, try `rustc --explain E0063`.
error: could not compile `meerkat-mcp-client` (lib) due to 15 previous errors
error: could not compile `meerkat-mcp-client` (lib test) due to 16 previous errors
error[E0308]: mismatched types
   --> meerkat-core/src/types/tests.rs:234:21
    |
234 |         session_id: SessionId::new().to_string(),
    |                     ^^^^^^^^^^^^^^^^^^^^^^^^^^^^ expected `SessionId`, found `String`
    |
help: try removing the method call
    |
234 -         session_id: SessionId::new().to_string(),
234 +         session_id: SessionId::new(),
    |

error[E0308]: mismatched types
   --> meerkat-core/src/types/tests.rs:248:21
    |
248 |         session_id: SessionId::new().to_string(),
    |                     ^^^^^^^^^^^^^^^^^^^^^^^^^^^^ expected `SessionId`, found `String`
    |
help: try removing the method call
    |
248 -         session_id: SessionId::new().to_string(),
248 +         session_id: SessionId::new(),
    |

For more information about this error, try `rustc --explain E0308`.
error: could not compile `meerkat-core` (lib test) due to 3 previous errors
